# JRE version: Java(TM) SE Runtime Environment (8.0_191-b12) (build 1.8.0_191-b12)
# Java VM: Java HotSpot(TM) 64-Bit Server VM (25.191-b12 mixed mode windows-amd64 compressed oops)
Heap:
 PSYoungGen      total 148992K, used 100818K [0x00000000f5580000, 0x0000000100000000, 0x0000000100000000)
  eden space 133632K, 75% used [0x00000000f5580000,0x00000000fb7f48c0,0x00000000fd800000)
  from space 15360K, 0% used [0x00000000ff100000,0x00000000ff100000,0x0000000100000000)
  to   space 20480K, 0% used [0x00000000fd800000,0x00000000fd800000,0x00000000fec00000)
 ParOldGen       total 233472K, used 35545K [0x00000000e0000000, 0x00000000ee400000, 0x00000000f5580000)
  object space 233472K, 15% used [0x00000000e0000000,0x00000000e22b6720,0x00000000ee400000)
 Metaspace       used 60923K, capacity 64212K, committed 64512K, reserved 1103872K
  class space    used 8470K, capacity 9170K, committed 9216K, reserved 1048576K
GC Heap History (10 events):
Event: 73.870 GC heap before
{Heap before GC invocations=9 (full 2):
 PSYoungGen      total 118272K, used 7801K [0x00000000f5580000, 0x0000000100000000, 0x0000000100000000)
  eden space 104960K, 0% used [0x00000000f5580000,0x00000000f5580000,0x00000000fbc00000)
  from space 13312K, 58% used [0x00000000fbc00000,0x00000000fc39e6a8,0x00000000fc900000)
  to   space 12800K, 0% used [0x00000000ff380000,0x00000000ff380000,0x0000000100000000)
 ParOldGen       total 175104K, used 8094K [0x00000000e0000000, 0x00000000eab00000, 0x00000000f5580000)
  object space 175104K, 4% used [0x00000000e0000000,0x00000000e07e7a78,0x00000000eab00000)
 Metaspace       used 34043K, capacity 35416K, committed 35496K, reserved 1079296K
  class space    used 4786K, capacity 5097K, committed 5120K, reserved 1048576K
Event: 74.334 GC heap after
Heap after GC invocations=9 (full 2):
 PSYoungGen      total 118272K, used 0K [0x00000000f5580000, 0x0000000100000000, 0x0000000100000000)
  eden space 104960K, 0% used [0x00000000f5580000,0x00000000f5580000,0x00000000fbc00000)
  from space 13312K, 0% used [0x00000000fbc00000,0x00000000fbc00000,0x00000000fc900000)
  to   space 12800K, 0% used [0x00000000ff380000,0x00000000ff380000,0x0000000100000000)
 ParOldGen       total 175104K, used 14835K [0x00000000e0000000, 0x00000000eab00000, 0x00000000f5580000)
  object space 175104K, 8% used [0x00000000e0000000,0x00000000e0e7cee0,0x00000000eab00000)
 Metaspace       used 34043K, capacity 35416K, committed 35496K, reserved 1079296K
  class space    used 4786K, capacity 5097K, committed 5120K, reserved 1048576K
}
Event: 145.376 GC heap before
{Heap before GC invocations=10 (full 2):
 PSYoungGen      total 118272K, used 104960K [0x00000000f5580000, 0x0000000100000000, 0x0000000100000000)
  eden space 104960K, 100% used [0x00000000f5580000,0x00000000fbc00000,0x00000000fbc00000)
  from space 13312K, 0% used [0x00000000fbc00000,0x00000000fbc00000,0x00000000fc900000)
  to   space 12800K, 0% used [0x00000000ff380000,0x00000000ff380000,0x0000000100000000)
 ParOldGen       total 175104K, used 14835K [0x00000000e0000000, 0x00000000eab00000, 0x00000000f5580000)
  object space 175104K, 8% used [0x00000000e0000000,0x00000000e0e7cee0,0x00000000eab00000)
 Metaspace       used 39033K, capacity 41002K, committed 41344K, reserved 1085440K
  class space    used 5497K, capacity 5958K, committed 6016K, reserved 1048576K
Event: 145.413 GC heap after
Heap after GC invocations=10 (full 2):
 PSYoungGen      total 154624K, used 10239K [0x00000000f5580000, 0x00000000ffd80000, 0x0000000100000000)
  eden space 144384K, 0% used [0x00000000f5580000,0x00000000f5580000,0x00000000fe280000)
  from space 10240K, 99% used [0x00000000ff380000,0x00000000ffd7ff30,0x00000000ffd80000)
  to   space 12800K, 0% used [0x00000000fe480000,0x00000000fe480000,0x00000000ff100000)
 ParOldGen       total 175104K, used 14835K [0x00000000e0000000, 0x00000000eab00000, 0x00000000f5580000)
  object space 175104K, 8% used [0x00000000e0000000,0x00000000e0e7cee0,0x00000000eab00000)
 Metaspace       used 39033K, capacity 41002K, committed 41344K, reserved 1085440K
  class space    used 5497K, capacity 5958K, committed 6016K, reserved 1048576K
}
Event: 164.402 GC heap before
{Heap before GC invocations=11 (full 2):
 PSYoungGen      total 154624K, used 154623K [0x00000000f5580000, 0x00000000ffd80000, 0x0000000100000000)
  eden space 144384K, 100% used [0x00000000f5580000,0x00000000fe280000,0x00000000fe280000)
  from space 10240K, 99% used [0x00000000ff380000,0x00000000ffd7ff30,0x00000000ffd80000)
  to   space 12800K, 0% used [0x00000000fe480000,0x00000000fe480000,0x00000000ff100000)
 ParOldGen       total 175104K, used 14835K [0x00000000e0000000, 0x00000000eab00000, 0x00000000f5580000)
  object space 175104K, 8% used [0x00000000e0000000,0x00000000e0e7cee0,0x00000000eab00000)
 Metaspace       used 48551K, capacity 51136K, committed 51328K, reserved 1093632K
  class space    used 6717K, capacity 7263K, committed 7296K, reserved 1048576K
Event: 164.474 GC heap after
Heap after GC invocations=11 (full 2):
 PSYoungGen      total 159232K, used 12782K [0x00000000f5580000, 0x0000000100000000, 0x0000000100000000)
  eden space 146432K, 0% used [0x00000000f5580000,0x00000000f5580000,0x00000000fe480000)
  from space 12800K, 99% used [0x00000000fe480000,0x00000000ff0fbb18,0x00000000ff100000)
  to   space 15360K, 0% used [0x00000000ff100000,0x00000000ff100000,0x0000000100000000)
 ParOldGen       total 175104K, used 20114K [0x00000000e0000000, 0x00000000eab00000, 0x00000000f5580000)
  object space 175104K, 11% used [0x00000000e0000000,0x00000000e13a4b60,0x00000000eab00000)
 Metaspace       used 48551K, capacity 51136K, committed 51328K, reserved 1093632K
  class space    used 6717K, capacity 7263K, committed 7296K, reserved 1048576K
}
Event: 181.856 GC heap before
{Heap before GC invocations=12 (full 2):
 PSYoungGen      total 159232K, used 103667K [0x00000000f5580000, 0x0000000100000000, 0x0000000100000000)
  eden space 146432K, 62% used [0x00000000f5580000,0x00000000fae41180,0x00000000fe480000)
  from space 12800K, 99% used [0x00000000fe480000,0x00000000ff0fbb18,0x00000000ff100000)
  to   space 15360K, 0% used [0x00000000ff100000,0x00000000ff100000,0x0000000100000000)
 ParOldGen       total 175104K, used 20114K [0x00000000e0000000, 0x00000000eab00000, 0x00000000f5580000)
  object space 175104K, 11% used [0x00000000e0000000,0x00000000e13a4b60,0x00000000eab00000)
 Metaspace       used 56234K, capacity 59042K, committed 59160K, reserved 1099776K
  class space    used 7680K, capacity 8251K, committed 8320K, reserved 1048576K
Event: 182.091 GC heap after
Heap after GC invocations=12 (full 2):
 PSYoungGen      total 148992K, used 15356K [0x00000000f5580000, 0x0000000100000000, 0x0000000100000000)
  eden space 133632K, 0% used [0x00000000f5580000,0x00000000f5580000,0x00000000fd800000)
  from space 15360K, 99% used [0x00000000ff100000,0x00000000fffff380,0x0000000100000000)
  to   space 20480K, 0% used [0x00000000fd800000,0x00000000fd800000,0x00000000fec00000)
 ParOldGen       total 175104K, used 27628K [0x00000000e0000000, 0x00000000eab00000, 0x00000000f5580000)
  object space 175104K, 15% used [0x00000000e0000000,0x00000000e1afb3f0,0x00000000eab00000)
 Metaspace       used 56234K, capacity 59042K, committed 59160K, reserved 1099776K
  class space    used 7680K, capacity 8251K, committed 8320K, reserved 1048576K
}
Event: 182.091 GC heap before
{Heap before GC invocations=13 (full 3):
 PSYoungGen      total 148992K, used 15356K [0x00000000f5580000, 0x0000000100000000, 0x0000000100000000)
  eden space 133632K, 0% used [0x00000000f5580000,0x00000000f5580000,0x00000000fd800000)
  from space 15360K, 99% used [0x00000000ff100000,0x00000000fffff380,0x0000000100000000)
  to   space 20480K, 0% used [0x00000000fd800000,0x00000000fd800000,0x00000000fec00000)
 ParOldGen       total 175104K, used 27628K [0x00000000e0000000, 0x00000000eab00000, 0x00000000f5580000)
  object space 175104K, 15% used [0x00000000e0000000,0x00000000e1afb3f0,0x00000000eab00000)
 Metaspace       used 56234K, capacity 59042K, committed 59160K, reserved 1099776K
  class space    used 7680K, capacity 8251K, committed 8320K, reserved 1048576K
Event: 183.533 GC heap after
Heap after GC invocations=13 (full 3):
 PSYoungGen      total 148992K, used 0K [0x00000000f5580000, 0x0000000100000000, 0x0000000100000000)
  eden space 133632K, 0% used [0x00000000f5580000,0x00000000f5580000,0x00000000fd800000)
  from space 15360K, 0% used [0x00000000ff100000,0x00000000ff100000,0x0000000100000000)
  to   space 20480K, 0% used [0x00000000fd800000,0x00000000fd800000,0x00000000fec00000)
 ParOldGen       total 233472K, used 35545K [0x00000000e0000000, 0x00000000ee400000, 0x00000000f5580000)
  object space 233472K, 15% used [0x00000000e0000000,0x00000000e22b6720,0x00000000ee400000)
 Metaspace       used 56233K, capacity 59036K, committed 59160K, reserved 1099776K
  class space    used 7679K, capacity 8250K, committed 8320K, reserved 1048576K
}

